mode: count
github.com/falcon-autotuning/falcon-core-libs/go/physics/deviceStructures/connection/cgo_linux.go:18.60,20.2 1 12
github.com/falcon-autotuning/falcon-core-libs/go/physics/deviceStructures/connection/cgo_linux.go:22.35,22.49 1 52
github.com/falcon-autotuning/falcon-core-libs/go/physics/deviceStructures/connection/cgo_linux.go:24.54,30.2 5 8
github.com/falcon-autotuning/falcon-core-libs/go/physics/deviceStructures/connection/cgo_linux.go:32.54,38.2 5 2
github.com/falcon-autotuning/falcon-core-libs/go/physics/deviceStructures/connection/cgo_linux.go:40.56,46.2 5 2
github.com/falcon-autotuning/falcon-core-libs/go/physics/deviceStructures/connection/cgo_linux.go:48.56,54.2 5 4
github.com/falcon-autotuning/falcon-core-libs/go/physics/deviceStructures/connection/cgo_linux.go:56.48,62.2 5 2
github.com/falcon-autotuning/falcon-core-libs/go/physics/deviceStructures/connection/cgo_linux.go:64.45,70.2 5 2
github.com/falcon-autotuning/falcon-core-libs/go/physics/deviceStructures/connection/cgo_linux.go:72.34,74.2 1 13
github.com/falcon-autotuning/falcon-core-libs/go/physics/deviceStructures/connection/cgo_linux.go:76.38,80.2 3 2
github.com/falcon-autotuning/falcon-core-libs/go/physics/deviceStructures/connection/cgo_linux.go:82.48,86.2 3 7
github.com/falcon-autotuning/falcon-core-libs/go/physics/deviceStructures/connection/cgo_linux.go:88.41,90.2 1 1
github.com/falcon-autotuning/falcon-core-libs/go/physics/deviceStructures/connection/cgo_linux.go:92.45,94.2 1 2
github.com/falcon-autotuning/falcon-core-libs/go/physics/deviceStructures/connection/cgo_linux.go:96.45,98.2 1 2
github.com/falcon-autotuning/falcon-core-libs/go/physics/deviceStructures/connection/cgo_linux.go:100.47,102.2 1 2
github.com/falcon-autotuning/falcon-core-libs/go/physics/deviceStructures/connection/cgo_linux.go:104.47,106.2 1 2
github.com/falcon-autotuning/falcon-core-libs/go/physics/deviceStructures/connection/cgo_linux.go:108.39,110.2 1 2
github.com/falcon-autotuning/falcon-core-libs/go/physics/deviceStructures/connection/cgo_linux.go:112.38,114.2 1 1
github.com/falcon-autotuning/falcon-core-libs/go/physics/deviceStructures/connection/cgo_linux.go:116.40,118.2 1 1
github.com/falcon-autotuning/falcon-core-libs/go/physics/deviceStructures/connection/cgo_linux.go:120.43,122.2 1 1
github.com/falcon-autotuning/falcon-core-libs/go/physics/deviceStructures/connection/cgo_linux.go:124.40,128.2 3 3
github.com/falcon-autotuning/falcon-core-libs/go/physics/deviceStructures/connection/connection.go:16.42,19.42 3 14
github.com/falcon-autotuning/falcon-core-libs/go/physics/deviceStructures/connection/connection.go:19.42,24.3 4 13
github.com/falcon-autotuning/falcon-core-libs/go/physics/deviceStructures/connection/connection.go:25.2,25.53 1 1
github.com/falcon-autotuning/falcon-core-libs/go/physics/deviceStructures/connection/connection.go:28.70,33.39 2 20
github.com/falcon-autotuning/falcon-core-libs/go/physics/deviceStructures/connection/connection.go:33.39,33.61 1 0
github.com/falcon-autotuning/falcon-core-libs/go/physics/deviceStructures/connection/connection.go:34.2,34.13 1 20
github.com/falcon-autotuning/falcon-core-libs/go/physics/deviceStructures/connection/connection.go:37.46,38.47 1 8
github.com/falcon-autotuning/falcon-core-libs/go/physics/deviceStructures/connection/connection.go:38.47,38.81 1 8
github.com/falcon-autotuning/falcon-core-libs/go/physics/deviceStructures/connection/connection.go:41.46,42.47 1 2
github.com/falcon-autotuning/falcon-core-libs/go/physics/deviceStructures/connection/connection.go:42.47,42.81 1 2
github.com/falcon-autotuning/falcon-core-libs/go/physics/deviceStructures/connection/connection.go:45.48,46.47 1 2
github.com/falcon-autotuning/falcon-core-libs/go/physics/deviceStructures/connection/connection.go:46.47,46.83 1 2
github.com/falcon-autotuning/falcon-core-libs/go/physics/deviceStructures/connection/connection.go:49.48,50.47 1 4
github.com/falcon-autotuning/falcon-core-libs/go/physics/deviceStructures/connection/connection.go:50.47,50.83 1 4
github.com/falcon-autotuning/falcon-core-libs/go/physics/deviceStructures/connection/connection.go:53.40,54.47 1 2
github.com/falcon-autotuning/falcon-core-libs/go/physics/deviceStructures/connection/connection.go:54.47,54.75 1 2
github.com/falcon-autotuning/falcon-core-libs/go/physics/deviceStructures/connection/connection.go:57.50,58.47 1 2
github.com/falcon-autotuning/falcon-core-libs/go/physics/deviceStructures/connection/connection.go:58.47,58.72 1 2
github.com/falcon-autotuning/falcon-core-libs/go/physics/deviceStructures/connection/connection.go:61.30,63.2 1 12
github.com/falcon-autotuning/falcon-core-libs/go/physics/deviceStructures/connection/connection.go:65.45,68.41 3 3
github.com/falcon-autotuning/falcon-core-libs/go/physics/deviceStructures/connection/connection.go:68.41,70.3 1 1
github.com/falcon-autotuning/falcon-core-libs/go/physics/deviceStructures/connection/connection.go:71.2,71.28 1 2
github.com/falcon-autotuning/falcon-core-libs/go/physics/deviceStructures/connection/connection.go:74.45,77.41 3 8
github.com/falcon-autotuning/falcon-core-libs/go/physics/deviceStructures/connection/connection.go:77.41,79.3 1 1
github.com/falcon-autotuning/falcon-core-libs/go/physics/deviceStructures/connection/connection.go:80.2,80.38 1 7
github.com/falcon-autotuning/falcon-core-libs/go/physics/deviceStructures/connection/connection.go:83.48,86.41 3 2
github.com/falcon-autotuning/falcon-core-libs/go/physics/deviceStructures/connection/connection.go:86.41,88.3 1 1
github.com/falcon-autotuning/falcon-core-libs/go/physics/deviceStructures/connection/connection.go:89.2,89.33 1 1
github.com/falcon-autotuning/falcon-core-libs/go/physics/deviceStructures/connection/connection.go:92.52,95.41 3 3
github.com/falcon-autotuning/falcon-core-libs/go/physics/deviceStructures/connection/connection.go:95.41,97.3 1 1
github.com/falcon-autotuning/falcon-core-libs/go/physics/deviceStructures/connection/connection.go:98.2,98.37 1 2
github.com/falcon-autotuning/falcon-core-libs/go/physics/deviceStructures/connection/connection.go:101.52,104.41 3 3
github.com/falcon-autotuning/falcon-core-libs/go/physics/deviceStructures/connection/connection.go:104.41,106.3 1 1
github.com/falcon-autotuning/falcon-core-libs/go/physics/deviceStructures/connection/connection.go:107.2,107.37 1 2
github.com/falcon-autotuning/falcon-core-libs/go/physics/deviceStructures/connection/connection.go:110.54,113.41 3 3
github.com/falcon-autotuning/falcon-core-libs/go/physics/deviceStructures/connection/connection.go:113.41,115.3 1 1
github.com/falcon-autotuning/falcon-core-libs/go/physics/deviceStructures/connection/connection.go:116.2,116.39 1 2
github.com/falcon-autotuning/falcon-core-libs/go/physics/deviceStructures/connection/connection.go:119.54,122.41 3 3
github.com/falcon-autotuning/falcon-core-libs/go/physics/deviceStructures/connection/connection.go:122.41,124.3 1 1
github.com/falcon-autotuning/falcon-core-libs/go/physics/deviceStructures/connection/connection.go:125.2,125.39 1 2
github.com/falcon-autotuning/falcon-core-libs/go/physics/deviceStructures/connection/connection.go:128.46,131.41 3 3
github.com/falcon-autotuning/falcon-core-libs/go/physics/deviceStructures/connection/connection.go:131.41,133.3 1 1
github.com/falcon-autotuning/falcon-core-libs/go/physics/deviceStructures/connection/connection.go:134.2,134.31 1 2
github.com/falcon-autotuning/falcon-core-libs/go/physics/deviceStructures/connection/connection.go:137.45,140.41 3 2
github.com/falcon-autotuning/falcon-core-libs/go/physics/deviceStructures/connection/connection.go:140.41,142.3 1 1
github.com/falcon-autotuning/falcon-core-libs/go/physics/deviceStructures/connection/connection.go:143.2,143.30 1 1
github.com/falcon-autotuning/falcon-core-libs/go/physics/deviceStructures/connection/connection.go:146.61,149.41 3 2
github.com/falcon-autotuning/falcon-core-libs/go/physics/deviceStructures/connection/connection.go:149.41,151.3 1 1
github.com/falcon-autotuning/falcon-core-libs/go/physics/deviceStructures/connection/connection.go:152.2,152.43 1 1
github.com/falcon-autotuning/falcon-core-libs/go/physics/deviceStructures/connection/connection.go:155.64,158.41 3 2
github.com/falcon-autotuning/falcon-core-libs/go/physics/deviceStructures/connection/connection.go:158.41,160.3 1 1
github.com/falcon-autotuning/falcon-core-libs/go/physics/deviceStructures/connection/connection.go:161.2,161.46 1 1
github.com/falcon-autotuning/falcon-core-libs/go/physics/deviceStructures/connection/connection.go:164.47,167.41 3 4
github.com/falcon-autotuning/falcon-core-libs/go/physics/deviceStructures/connection/connection.go:167.41,169.3 1 1
github.com/falcon-autotuning/falcon-core-libs/go/physics/deviceStructures/connection/connection.go:170.2,170.30 1 3
